<?xml version="1.0" encoding="UTF-8"?>
<!-- Generated by org.testng.reporters.JUnitReportReporter -->
<testsuite hostname="DESKTOP-1DCODI3" failures="0" tests="2" name="testNGExample.BeforeAfterMethodTest" time="0.013" errors="0" timestamp="2023-05-22T06:29:38 IST" skipped="0">
  <testcase classname="testNGExample.BeforeAfterMethodTest" name="testPMICreation" time="0.010"/>
  <system-out/>
  <testcase classname="testNGExample.BeforeAfterMethodTest" name="testPMIDeletion" time="0.003"/>
  <system-out/>
</testsuite> <!-- testNGExample.BeforeAfterMethodTest -->
