<?xml version="1.0" encoding="UTF-8"?>
<!-- Generated by org.testng.reporters.JUnitReportReporter -->
<testsuite hostname="DESKTOP-1DCODI3" failures="0" tests="2" name="testNGExample.BeforeAfterClass" time="0.009" errors="0" timestamp="2023-05-22T06:26:21 IST" skipped="0">
  <testcase classname="testNGExample.BeforeAfterClass" name="tc2" time="0.001"/>
  <system-out/>
  <testcase classname="testNGExample.BeforeAfterClass" name="tc1" time="0.008"/>
  <system-out/>
</testsuite> <!-- testNGExample.BeforeAfterClass -->
