<?xml version="1.0" encoding="UTF-8"?>
<!-- Generated by org.testng.reporters.JUnitReportReporter -->
<testsuite hostname="DESKTOP-1DCODI3" failures="0" tests="3" name="testNGExample.Example6" time="0.013" errors="0" timestamp="2023-05-19T15:33:34 IST" skipped="0">
  <testcase classname="testNGExample.Example6" name="testSignIn" time="0.001"/>
  <system-out/>
  <testcase classname="testNGExample.Example6" name="testSignIn" time="0.010"/>
  <system-out/>
  <testcase classname="testNGExample.Example6" name="testSignIn" time="0.002"/>
  <system-out/>
</testsuite> <!-- testNGExample.Example6 -->
