<?xml version="1.0" encoding="UTF-8"?>
<!-- Generated by org.testng.reporters.JUnitReportReporter -->
<testsuite hostname="DESKTOP-1DCODI3" failures="0" tests="1" name="testNGExample.Example1" time="0.016" errors="0" timestamp="2023-05-19T15:19:03 IST" skipped="0">
  <testcase classname="testNGExample.Example1" name="testCase1" time="0.016"/>
  <system-out/>
</testsuite> <!-- testNGExample.Example1 -->
