<?xml version="1.0" encoding="UTF-8"?>
<!-- Generated by org.testng.reporters.JUnitReportReporter -->
<testsuite hostname="DESKTOP-1DCODI3" failures="0" tests="1" name="testNGExample.Example2" time="0.013" errors="0" timestamp="2023-05-21T15:40:13 IST" skipped="0">
  <testcase classname="testNGExample.Example2" name="tc" time="0.013"/>
  <system-out/>
</testsuite> <!-- testNGExample.Example2 -->
