<?xml version="1.0" encoding="UTF-8"?>
<!-- Generated by org.testng.reporters.JUnitReportReporter -->
<testsuite hostname="DESKTOP-1DCODI3" failures="0" tests="2" name="testNGExample.Example3" time="0.011" errors="0" timestamp="2023-05-19T15:28:57 IST" skipped="0">
  <testcase classname="testNGExample.Example3" name="tc1" time="0.010"/>
  <system-out/>
  <testcase classname="testNGExample.Example3" name="tc2" time="0.001"/>
  <system-out/>
</testsuite> <!-- testNGExample.Example3 -->
