<?xml version="1.0" encoding="UTF-8"?>
<!-- Generated by org.testng.reporters.JUnitReportReporter -->
<testsuite hostname="DESKTOP-1DCODI3" failures="0" tests="2" name="testNGExample.BeforeAfterTest" time="0.012" errors="0" timestamp="2023-05-22T06:30:57 IST" skipped="0">
  <testcase classname="testNGExample.BeforeAfterTest" name="testPMICreation" time="0.010"/>
  <system-out/>
  <testcase classname="testNGExample.BeforeAfterTest" name="testPMIDeletion" time="0.002"/>
  <system-out/>
</testsuite> <!-- testNGExample.BeforeAfterTest -->
